The C compiler identification could not be found in "/home/luispedro/Documents/TEC/Semestre III/Algoritmos y Estructuras de Datos 2/Tarea 1/Client/cmake-build-debug-coverage/CMakeFiles/3.17.3/CompilerIdC/CMakeCCompilerId.gcno"

The CXX compiler identification could not be found in "/home/luispedro/Documents/TEC/Semestre III/Algoritmos y Estructuras de Datos 2/Tarea 1/Client/cmake-build-debug-coverage/CMakeFiles/3.17.3/CompilerIdCXX/CMakeCXXCompilerId.gcno"

Performing C SOURCE FILE Test CMAKE_HAVE_LIBC_PTHREAD failed with the following output:
Change Dir: /home/luispedro/Documents/TEC/Semestre III/Algoritmos y Estructuras de Datos 2/Tarea 1/Client/cmake-build-debug-coverage/CMakeFiles/CMakeTmp

Run Build Command(s):/usr/bin/make cmTC_f1785/fast && /usr/bin/make  -f CMakeFiles/cmTC_f1785.dir/build.make CMakeFiles/cmTC_f1785.dir/build
make[1]: Entering directory '/home/luispedro/Documents/TEC/Semestre III/Algoritmos y Estructuras de Datos 2/Tarea 1/Client/cmake-build-debug-coverage/CMakeFiles/CMakeTmp'
Building C object CMakeFiles/cmTC_f1785.dir/src.c.o
/usr/bin/cc   --coverage -DCMAKE_HAVE_LIBC_PTHREAD   -o CMakeFiles/cmTC_f1785.dir/src.c.o   -c "/home/luispedro/Documents/TEC/Semestre III/Algoritmos y Estructuras de Datos 2/Tarea 1/Client/cmake-build-debug-coverage/CMakeFiles/CMakeTmp/src.c"
Linking C executable cmTC_f1785
/snap/clion/129/bin/cmake/linux/bin/cmake -E cmake_link_script CMakeFiles/cmTC_f1785.dir/link.txt --verbose=1
/usr/bin/cc --coverage -DCMAKE_HAVE_LIBC_PTHREAD    -rdynamic CMakeFiles/cmTC_f1785.dir/src.c.o  -o cmTC_f1785 
/usr/bin/ld: CMakeFiles/cmTC_f1785.dir/src.c.o: in function `main':
src.c:(.text+0x6a): undefined reference to `pthread_create'
/usr/bin/ld: src.c:(.text+0x88): undefined reference to `pthread_detach'
/usr/bin/ld: src.c:(.text+0xa6): undefined reference to `pthread_cancel'
/usr/bin/ld: src.c:(.text+0xc9): undefined reference to `pthread_join'
collect2: error: ld returned 1 exit status
make[1]: *** [CMakeFiles/cmTC_f1785.dir/build.make:107: cmTC_f1785] Error 1
make[1]: Leaving directory '/home/luispedro/Documents/TEC/Semestre III/Algoritmos y Estructuras de Datos 2/Tarea 1/Client/cmake-build-debug-coverage/CMakeFiles/CMakeTmp'
make: *** [Makefile:141: cmTC_f1785/fast] Error 2


Source file was:
#include <pthread.h>

void* test_func(void* data)
{
  return data;
}

int main(void)
{
  pthread_t thread;
  pthread_create(&thread, NULL, test_func, NULL);
  pthread_detach(thread);
  pthread_cancel(thread);
  pthread_join(thread, NULL);
  pthread_atfork(NULL, NULL, NULL);
  pthread_exit(NULL);

  return 0;
}

Determining if the function pthread_create exists in the pthreads failed with the following output:
Change Dir: /home/luispedro/Documents/TEC/Semestre III/Algoritmos y Estructuras de Datos 2/Tarea 1/Client/cmake-build-debug-coverage/CMakeFiles/CMakeTmp

Run Build Command(s):/usr/bin/make cmTC_0c2a7/fast && /usr/bin/make  -f CMakeFiles/cmTC_0c2a7.dir/build.make CMakeFiles/cmTC_0c2a7.dir/build
make[1]: Entering directory '/home/luispedro/Documents/TEC/Semestre III/Algoritmos y Estructuras de Datos 2/Tarea 1/Client/cmake-build-debug-coverage/CMakeFiles/CMakeTmp'
Building C object CMakeFiles/cmTC_0c2a7.dir/CheckFunctionExists.c.o
/usr/bin/cc   --coverage -DCHECK_FUNCTION_EXISTS=pthread_create   -o CMakeFiles/cmTC_0c2a7.dir/CheckFunctionExists.c.o   -c /snap/clion/129/bin/cmake/linux/share/cmake-3.17/Modules/CheckFunctionExists.c
Linking C executable cmTC_0c2a7
/snap/clion/129/bin/cmake/linux/bin/cmake -E cmake_link_script CMakeFiles/cmTC_0c2a7.dir/link.txt --verbose=1
/usr/bin/cc --coverage -DCHECK_FUNCTION_EXISTS=pthread_create    -rdynamic CMakeFiles/cmTC_0c2a7.dir/CheckFunctionExists.c.o  -o cmTC_0c2a7  -lpthreads 
/usr/bin/ld: cannot find -lpthreads
collect2: error: ld returned 1 exit status
make[1]: *** [CMakeFiles/cmTC_0c2a7.dir/build.make:107: cmTC_0c2a7] Error 1
make[1]: Leaving directory '/home/luispedro/Documents/TEC/Semestre III/Algoritmos y Estructuras de Datos 2/Tarea 1/Client/cmake-build-debug-coverage/CMakeFiles/CMakeTmp'
make: *** [Makefile:141: cmTC_0c2a7/fast] Error 2



